<?xml version="1.0" encoding="UTF-8"?>
<testsuite xmlns:xsi="http://www.w3.org/2001/XMLSchema-instance" xsi:schemaLocation="https://maven.apache.org/surefire/maven-surefire-plugin/xsd/surefire-test-report.xsd" name="Runner.TestRunner" time="0.579" tests="3" errors="0" skipped="1" failures="2">
  <properties>
[...]
</properties>
  <testcase name="setUpClass" classname="Runner.TestRunner" time="0.465">
    <failure message="org/openqa/selenium/WebDriver : Unsupported major.minor version 52.0" type="java.lang.UnsupportedClassVersionError">java.lang.UnsupportedClassVersionError: org/openqa/selenium/WebDriver : Unsupported major.minor version 52.0
</failure>
  </testcase>
  <testcase name="feature" classname="Runner.TestRunner" time="0">
    <skipped message="java.lang.NullPointerException"/>
  </testcase>
  <testcase name="tearDownClass" classname="Runner.TestRunner" time="0.468">
    <failure type="java.lang.NullPointerException">java.lang.NullPointerException
</failure>
  </testcase>
</testsuite>